[2024-11-24 17:44:42]  🚚 Moved './How Meta models Large Volume Event Data - Full 4 Hour Course - DataExpert.io Free Boot Camp Week 2.webm' to './original/'
[2024-11-24 17:44:42]  ⚙️  Converting './original/How Meta models Large Volume Event Data - Full 4 Hour Course - DataExpert.io Free Boot Camp Week 2.webm' to './converted/How Meta models Large Volume Event Data - Full 4 Hour Course - DataExpert.io Free Boot Camp Week 2.mp4'...
[2024-11-24 18:06:17]  ✅ Successfully converted './original/How Meta models Large Volume Event Data - Full 4 Hour Course - DataExpert.io Free Boot Camp Week 2.webm' to './converted/How Meta models Large Volume Event Data - Full 4 Hour Course - DataExpert.io Free Boot Camp Week 2.mp4'.
[2024-12-02 08:57:56]  🚚 Moved './Spark + Iceberg in 1 Hour - Memory Tuning, Joins, Partition - Week 3 Day 1 - DataExpert.io Boot Camp.webm' to './original/'
[2024-12-02 08:57:56]  ⚙️  Converting './original/Spark + Iceberg in 1 Hour - Memory Tuning, Joins, Partition - Week 3 Day 1 - DataExpert.io Boot Camp.webm' to './converted/Spark + Iceberg in 1 Hour - Memory Tuning, Joins, Partition - Week 3 Day 1 - DataExpert.io Boot Camp.mp4'...
[2024-12-02 09:04:27]  ✅ Successfully converted './original/Spark + Iceberg in 1 Hour - Memory Tuning, Joins, Partition - Week 3 Day 1 - DataExpert.io Boot Camp.webm' to './converted/Spark + Iceberg in 1 Hour - Memory Tuning, Joins, Partition - Week 3 Day 1 - DataExpert.io Boot Camp.mp4'.
[2024-12-02 09:04:27]  🚚 Moved './High Performance Spark - DataFrame, Dataset, UDFs, Caching - Week 3 Day 2 - DataExpert.io Boot Camp.webm' to './original/'
[2024-12-02 09:04:27]  ⚙️  Converting './original/High Performance Spark - DataFrame, Dataset, UDFs, Caching - Week 3 Day 2 - DataExpert.io Boot Camp.webm' to './converted/High Performance Spark - DataFrame, Dataset, UDFs, Caching - Week 3 Day 2 - DataExpert.io Boot Camp.mp4'...
[2024-12-02 09:10:35]  ✅ Successfully converted './original/High Performance Spark - DataFrame, Dataset, UDFs, Caching - Week 3 Day 2 - DataExpert.io Boot Camp.webm' to './converted/High Performance Spark - DataFrame, Dataset, UDFs, Caching - Week 3 Day 2 - DataExpert.io Boot Camp.mp4'.
[2024-12-02 09:10:35]  🚚 Moved './The last stretch to Vancouver.webm' to './original/'
[2024-12-02 09:10:35]  ⚙️  Converting './original/The last stretch to Vancouver.webm' to './converted/The last stretch to Vancouver.mp4'...
[2024-12-02 09:48:31]  ✅ Successfully converted './original/The last stretch to Vancouver.webm' to './converted/The last stretch to Vancouver.mp4'.
[2024-12-02 13:06:28]  🚚 Moved './Unit and End-to-End Testing Apache Spark Jobs in CI⧸CD - Week 3 Day 3 - DataExpert.io Free Boot camp.webm' to './original/'
[2024-12-02 13:06:28]  ⚙️  Converting './original/Unit and End-to-End Testing Apache Spark Jobs in CI⧸CD - Week 3 Day 3 - DataExpert.io Free Boot camp.webm' to './converted/Unit and End-to-End Testing Apache Spark Jobs in CI⧸CD - Week 3 Day 3 - DataExpert.io Free Boot camp.mp4'...
[2024-12-02 13:12:27]  ✅ Successfully converted './original/Unit and End-to-End Testing Apache Spark Jobs in CI⧸CD - Week 3 Day 3 - DataExpert.io Free Boot camp.webm' to './converted/Unit and End-to-End Testing Apache Spark Jobs in CI⧸CD - Week 3 Day 3 - DataExpert.io Free Boot camp.mp4'.
[2024-12-02 13:12:27]  🚚 Moved './A Day of Street Photography With Jonathan Jasberg.webm' to './original/'
[2024-12-02 13:12:27]  ⚙️  Converting './original/A Day of Street Photography With Jonathan Jasberg.webm' to './converted/A Day of Street Photography With Jonathan Jasberg.mp4'...
[2024-12-02 13:24:57]  ✅ Successfully converted './original/A Day of Street Photography With Jonathan Jasberg.webm' to './converted/A Day of Street Photography With Jonathan Jasberg.mp4'.
[2024-12-06 13:13:15]  🚚 Moved './Processing 2000 TBs per day of network data at Netflix with Spark and Airflow.webm' to './original/'
[2024-12-06 13:13:15]  ⚙️  Converting './original/Processing 2000 TBs per day of network data at Netflix with Spark and Airflow.webm' to './converted/Processing 2000 TBs per day of network data at Netflix with Spark and Airflow.mp4'...
[2024-12-06 13:13:38]  ✅ Successfully converted './original/Processing 2000 TBs per day of network data at Netflix with Spark and Airflow.webm' to './converted/Processing 2000 TBs per day of network data at Netflix with Spark and Airflow.mp4'.
[2024-12-06 13:13:38]  🚚 Moved './How to find consecutive streaks in data using SQL window functions (and identify cheaters in Halo 5).mkv' to './original/'
[2024-12-06 13:13:38]  ⚙️  Converting './original/How to find consecutive streaks in data using SQL window functions (and identify cheaters in Halo 5).mkv' to './converted/How to find consecutive streaks in data using SQL window functions (and identify cheaters in Halo 5).mp4'...
[2024-12-06 13:15:19]  ✅ Successfully converted './original/How to find consecutive streaks in data using SQL window functions (and identify cheaters in Halo 5).mkv' to './converted/How to find consecutive streaks in data using SQL window functions (and identify cheaters in Halo 5).mp4'.
[2024-12-06 13:15:19]  🚚 Moved './How to get promoted after Senior Data Engineer.webm' to './original/'
[2024-12-06 13:15:19]  ⚙️  Converting './original/How to get promoted after Senior Data Engineer.webm' to './converted/How to get promoted after Senior Data Engineer.mp4'...
[2024-12-06 13:16:04]  ✅ Successfully converted './original/How to get promoted after Senior Data Engineer.webm' to './converted/How to get promoted after Senior Data Engineer.mp4'.
[2024-12-06 13:16:04]  🚚 Moved './Netflix vs Meta vs Airbnb： Data Engineering cultures.mkv' to './original/'
[2024-12-06 13:16:04]  ⚙️  Converting './original/Netflix vs Meta vs Airbnb： Data Engineering cultures.mkv' to './converted/Netflix vs Meta vs Airbnb： Data Engineering cultures.mp4'...
[2024-12-06 13:18:37]  ✅ Successfully converted './original/Netflix vs Meta vs Airbnb： Data Engineering cultures.mkv' to './converted/Netflix vs Meta vs Airbnb： Data Engineering cultures.mp4'.
[2024-12-06 13:18:37]  🚚 Moved './Data Modeling： One Big Table vs Kimball vs Relational for data engineers.webm' to './original/'
[2024-12-06 13:18:37]  ⚙️  Converting './original/Data Modeling： One Big Table vs Kimball vs Relational for data engineers.webm' to './converted/Data Modeling： One Big Table vs Kimball vs Relational for data engineers.mp4'...
[2024-12-06 13:21:48]  ✅ Successfully converted './original/Data Modeling： One Big Table vs Kimball vs Relational for data engineers.webm' to './converted/Data Modeling： One Big Table vs Kimball vs Relational for data engineers.mp4'.
[2024-12-06 13:21:48]  🚚 Moved './The best open source data engineering stack.webm' to './original/'
[2024-12-06 13:21:48]  ⚙️  Converting './original/The best open source data engineering stack.webm' to './converted/The best open source data engineering stack.mp4'...
[2024-12-06 13:22:31]  ✅ Successfully converted './original/The best open source data engineering stack.webm' to './converted/The best open source data engineering stack.mp4'.
[2024-12-06 13:22:31]  🚚 Moved './A Day of Street Photography With Eduardo Ortiz.webm' to './original/'
[2024-12-06 13:22:31]  ⚙️  Converting './original/A Day of Street Photography With Eduardo Ortiz.webm' to './converted/A Day of Street Photography With Eduardo Ortiz.mp4'...
[2024-12-06 13:50:16]  ✅ Successfully converted './original/A Day of Street Photography With Eduardo Ortiz.webm' to './converted/A Day of Street Photography With Eduardo Ortiz.mp4'.
[2024-12-06 13:50:16]  🚚 Moved './Common Table Expressions vs Subqueries vs Views vs Temp Tables for data engineers.webm' to './original/'
[2024-12-06 13:50:16]  ⚙️  Converting './original/Common Table Expressions vs Subqueries vs Views vs Temp Tables for data engineers.webm' to './converted/Common Table Expressions vs Subqueries vs Views vs Temp Tables for data engineers.mp4'...
[2024-12-06 13:53:26]  ✅ Successfully converted './original/Common Table Expressions vs Subqueries vs Views vs Temp Tables for data engineers.webm' to './converted/Common Table Expressions vs Subqueries vs Views vs Temp Tables for data engineers.mp4'.
[2024-12-06 13:53:26]  🚚 Moved './Data modeling interview filters so many data engineers! How to model slowly-changing dimensions.webm' to './original/'
[2024-12-06 13:53:26]  ⚙️  Converting './original/Data modeling interview filters so many data engineers! How to model slowly-changing dimensions.webm' to './converted/Data modeling interview filters so many data engineers! How to model slowly-changing dimensions.mp4'...
[2024-12-06 13:53:57]  ✅ Successfully converted './original/Data modeling interview filters so many data engineers! How to model slowly-changing dimensions.webm' to './converted/Data modeling interview filters so many data engineers! How to model slowly-changing dimensions.mp4'.
[2024-12-06 13:53:57]  🚚 Moved './Master the Meta Data Engineer Interview： Find 2nd highest salary in 2 mins with window functions!.webm' to './original/'
[2024-12-06 13:53:57]  ⚙️  Converting './original/Master the Meta Data Engineer Interview： Find 2nd highest salary in 2 mins with window functions!.webm' to './converted/Master the Meta Data Engineer Interview： Find 2nd highest salary in 2 mins with window functions!.mp4'...
[2024-12-06 13:54:04]  ✅ Successfully converted './original/Master the Meta Data Engineer Interview： Find 2nd highest salary in 2 mins with window functions!.webm' to './converted/Master the Meta Data Engineer Interview： Find 2nd highest salary in 2 mins with window functions!.mp4'.
[2024-12-06 13:54:04]  🚚 Moved './The next 5 years of Data Engineering in 3 minutes.mkv' to './original/'
[2024-12-06 13:54:04]  ⚙️  Converting './original/The next 5 years of Data Engineering in 3 minutes.mkv' to './converted/The next 5 years of Data Engineering in 3 minutes.mp4'...
[2024-12-06 13:54:40]  ✅ Successfully converted './original/The next 5 years of Data Engineering in 3 minutes.mkv' to './converted/The next 5 years of Data Engineering in 3 minutes.mp4'.
[2024-12-06 13:54:40]  🚚 Moved './Should Data Engineers learn Scala？.mkv' to './original/'
[2024-12-06 13:54:40]  ⚙️  Converting './original/Should Data Engineers learn Scala？.mkv' to './converted/Should Data Engineers learn Scala？.mp4'...
[2024-12-06 13:55:03]  ✅ Successfully converted './original/Should Data Engineers learn Scala？.mkv' to './converted/Should Data Engineers learn Scala？.mp4'.
[2024-12-11 10:20:04]  🚚 Moved './Build a Gold Pipeline like Airbnb MIDAS Process - DataExpert.io Boot camp - Week 3 Day 1 Analytics.webm' to './original/'
[2024-12-11 10:20:04]  ⚙️  Converting './original/Build a Gold Pipeline like Airbnb MIDAS Process - DataExpert.io Boot camp - Week 3 Day 1 Analytics.webm' to './converted/Build a Gold Pipeline like Airbnb MIDAS Process - DataExpert.io Boot camp - Week 3 Day 1 Analytics.mp4'...
[2024-12-11 10:26:28]  ✅ Successfully converted './original/Build a Gold Pipeline like Airbnb MIDAS Process - DataExpert.io Boot camp - Week 3 Day 1 Analytics.webm' to './converted/Build a Gold Pipeline like Airbnb MIDAS Process - DataExpert.io Boot camp - Week 3 Day 1 Analytics.mp4'.
[2024-12-11 10:26:28]  🚚 Moved './Cardi B Ruined WAP pattern for Data Quality! - DataExpert.io Boot Camp Week 3 Day 2 Analytics.webm' to './original/'
[2024-12-11 10:26:28]  ⚙️  Converting './original/Cardi B Ruined WAP pattern for Data Quality! - DataExpert.io Boot Camp Week 3 Day 2 Analytics.webm' to './converted/Cardi B Ruined WAP pattern for Data Quality! - DataExpert.io Boot Camp Week 3 Day 2 Analytics.mp4'...
[2024-12-11 10:28:51]  ✅ Successfully converted './original/Cardi B Ruined WAP pattern for Data Quality! - DataExpert.io Boot Camp Week 3 Day 2 Analytics.webm' to './converted/Cardi B Ruined WAP pattern for Data Quality! - DataExpert.io Boot Camp Week 3 Day 2 Analytics.mp4'.
[2024-12-13 14:11:22]  🚚 Moved './The Cup of the Day Where I Popped Off on Ice.webm' to './original/'
[2024-12-13 14:11:22]  ⚙️  Converting './original/The Cup of the Day Where I Popped Off on Ice.webm' to './converted/The Cup of the Day Where I Popped Off on Ice.mp4'...
[2024-12-16 12:22:29]  🚚 Moved './Vaping Is Too Good To Be True.webm' to './original/'
[2024-12-16 12:22:29]  ⚙️  Converting './original/Vaping Is Too Good To Be True.webm' to './converted/Vaping Is Too Good To Be True.mp4'...
[2024-12-16 12:36:57]  ✅ Successfully converted './original/Vaping Is Too Good To Be True.webm' to './converted/Vaping Is Too Good To Be True.mp4'.
[2024-12-16 12:36:57]  🚚 Moved './We Have To Talk About Weed.webm' to './original/'
[2024-12-16 12:36:57]  ⚙️  Converting './original/We Have To Talk About Weed.webm' to './converted/We Have To Talk About Weed.mp4'...
[2024-12-16 12:52:17]  ✅ Successfully converted './original/We Have To Talk About Weed.webm' to './converted/We Have To Talk About Weed.mp4'.
[2024-12-16 12:52:17]  🚚 Moved './Smoking is Awesome.webm' to './original/'
[2024-12-16 12:52:17]  ⚙️  Converting './original/Smoking is Awesome.webm' to './converted/Smoking is Awesome.mp4'...
[2024-12-16 13:03:14]  ✅ Successfully converted './original/Smoking is Awesome.webm' to './converted/Smoking is Awesome.mp4'.
[2024-12-16 13:03:14]  🚚 Moved './Master Real-time Data Pipelines with Kafka and Flink - 3 hr Course - DataExpert.io Free Boot Camp.webm' to './original/'
[2024-12-16 13:03:14]  ⚙️  Converting './original/Master Real-time Data Pipelines with Kafka and Flink - 3 hr Course - DataExpert.io Free Boot Camp.webm' to './converted/Master Real-time Data Pipelines with Kafka and Flink - 3 hr Course - DataExpert.io Free Boot Camp.mp4'...
[2024-12-16 13:18:09]  ✅ Successfully converted './original/Master Real-time Data Pipelines with Kafka and Flink - 3 hr Course - DataExpert.io Free Boot Camp.webm' to './converted/Master Real-time Data Pipelines with Kafka and Flink - 3 hr Course - DataExpert.io Free Boot Camp.mp4'.
[2024-12-31 11:57:11]  🚚 Moved './Data Engineer Design Patterns at Meta - Growth Accounting - Week 4 Day 1 - DataExpert.io Boot Camp.webm' to './original/'
[2024-12-31 11:57:11]  ⚙️  Converting './original/Data Engineer Design Patterns at Meta - Growth Accounting - Week 4 Day 1 - DataExpert.io Boot Camp.webm' to './converted/Data Engineer Design Patterns at Meta - Growth Accounting - Week 4 Day 1 - DataExpert.io Boot Camp.mp4'...
[2024-12-31 12:04:34]  ✅ Successfully converted './original/Data Engineer Design Patterns at Meta - Growth Accounting - Week 4 Day 1 - DataExpert.io Boot Camp.webm' to './converted/Data Engineer Design Patterns at Meta - Growth Accounting - Week 4 Day 1 - DataExpert.io Boot Camp.mp4'.
[2024-12-31 12:04:34]  🚚 Moved './Job-Ready Capstone Projects for Analytics Engineering： DataExpert.io Boot Camp.webm' to './original/'
[2024-12-31 12:04:34]  ⚙️  Converting './original/Job-Ready Capstone Projects for Analytics Engineering： DataExpert.io Boot Camp.webm' to './converted/Job-Ready Capstone Projects for Analytics Engineering： DataExpert.io Boot Camp.mp4'...
[2024-12-31 12:09:37]  ✅ Successfully converted './original/Job-Ready Capstone Projects for Analytics Engineering： DataExpert.io Boot Camp.webm' to './converted/Job-Ready Capstone Projects for Analytics Engineering： DataExpert.io Boot Camp.mp4'.
[2024-12-31 12:09:37]  🚚 Moved './Tokyo.webm' to './original/'
[2024-12-31 12:09:37]  ⚙️  Converting './original/Tokyo.webm' to './converted/Tokyo.mp4'...
[2024-12-31 12:12:44]  ✅ Successfully converted './original/Tokyo.webm' to './converted/Tokyo.mp4'.
[2024-12-31 12:12:44]  🚚 Moved './Data Engineering Design Patterns at Meta - Funnel Analysis - DataExpert.io Boot Camp Week 4 Day 1.webm' to './original/'
[2024-12-31 12:12:44]  ⚙️  Converting './original/Data Engineering Design Patterns at Meta - Funnel Analysis - DataExpert.io Boot Camp Week 4 Day 1.webm' to './converted/Data Engineering Design Patterns at Meta - Funnel Analysis - DataExpert.io Boot Camp Week 4 Day 1.mp4'...
[2024-12-31 12:19:08]  ✅ Successfully converted './original/Data Engineering Design Patterns at Meta - Funnel Analysis - DataExpert.io Boot Camp Week 4 Day 1.webm' to './converted/Data Engineering Design Patterns at Meta - Funnel Analysis - DataExpert.io Boot Camp Week 4 Day 1.mp4'.
[2024-12-31 12:19:08]  🚚 Moved './Data Engineering like a Product Manager - KPIs & Experiments - DataExpert.io Free Boot Camp Week 5.webm' to './original/'
[2024-12-31 12:19:08]  ⚙️  Converting './original/Data Engineering like a Product Manager - KPIs & Experiments - DataExpert.io Free Boot Camp Week 5.webm' to './converted/Data Engineering like a Product Manager - KPIs & Experiments - DataExpert.io Free Boot Camp Week 5.mp4'...
[2024-12-31 12:30:35]  ✅ Successfully converted './original/Data Engineering like a Product Manager - KPIs & Experiments - DataExpert.io Free Boot Camp Week 5.webm' to './converted/Data Engineering like a Product Manager - KPIs & Experiments - DataExpert.io Free Boot Camp Week 5.mp4'.
[2025-01-14 21:31:10]  🚚 Moved './Build Data-Driven Business Value with Tableau Viz - DataExpert.io Free Boot Camp Week 6.webm' to './original/'
[2025-01-14 21:31:10]  ⚙️  Converting './original/Build Data-Driven Business Value with Tableau Viz - DataExpert.io Free Boot Camp Week 6.webm' to './converted/Build Data-Driven Business Value with Tableau Viz - DataExpert.io Free Boot Camp Week 6.mp4'...
[2025-01-14 21:39:17]  ✅ Successfully converted './original/Build Data-Driven Business Value with Tableau Viz - DataExpert.io Free Boot Camp Week 6.webm' to './converted/Build Data-Driven Business Value with Tableau Viz - DataExpert.io Free Boot Camp Week 6.mp4'.
[2025-01-14 21:39:17]  🚚 Moved './Coast Modern ｜ Trailer.mp4' to './original/'
[2025-01-14 21:39:17]  ⚙️  Converting './original/Coast Modern ｜ Trailer.mp4' to './converted/Coast Modern ｜ Trailer.mp4'...
[2025-01-14 21:39:27]  ✅ Successfully converted './original/Coast Modern ｜ Trailer.mp4' to './converted/Coast Modern ｜ Trailer.mp4'.
[2025-01-14 21:39:27]  🚚 Moved './Maintain Data Pipelines Like Netflix and Airbnb - DataExpert.io Free Bootcamp - Week 6.webm' to './original/'
[2025-01-14 21:39:27]  ⚙️  Converting './original/Maintain Data Pipelines Like Netflix and Airbnb - DataExpert.io Free Bootcamp - Week 6.webm' to './converted/Maintain Data Pipelines Like Netflix and Airbnb - DataExpert.io Free Bootcamp - Week 6.mp4'...
[2025-01-14 21:48:47]  ✅ Successfully converted './original/Maintain Data Pipelines Like Netflix and Airbnb - DataExpert.io Free Bootcamp - Week 6.webm' to './converted/Maintain Data Pipelines Like Netflix and Airbnb - DataExpert.io Free Bootcamp - Week 6.mp4'.
[2025-01-14 21:48:47]  🚚 Moved './One Lighting Tool That Changed Everything.webm' to './original/'
[2025-01-14 21:48:47]  ⚙️  Converting './original/One Lighting Tool That Changed Everything.webm' to './converted/One Lighting Tool That Changed Everything.mp4'...
[2025-01-14 21:53:56]  ✅ Successfully converted './original/One Lighting Tool That Changed Everything.webm' to './converted/One Lighting Tool That Changed Everything.mp4'.
[2025-01-14 21:53:56]  🚚 Moved './Portraiture Photography ｜ Ivan Weiss ｜ STUDIO INTERVIEW.mkv' to './original/'
[2025-01-14 21:53:56]  ⚙️  Converting './original/Portraiture Photography ｜ Ivan Weiss ｜ STUDIO INTERVIEW.mkv' to './converted/Portraiture Photography ｜ Ivan Weiss ｜ STUDIO INTERVIEW.mp4'...
[2025-01-14 21:58:05]  ✅ Successfully converted './original/Portraiture Photography ｜ Ivan Weiss ｜ STUDIO INTERVIEW.mkv' to './converted/Portraiture Photography ｜ Ivan Weiss ｜ STUDIO INTERVIEW.mp4'.
[2025-01-14 21:58:05]  🚚 Moved './Why The Allies Were ALWAYS Going to Win the Battle of the Bulge.webm' to './original/'
[2025-01-14 21:58:05]  ⚙️  Converting './original/Why The Allies Were ALWAYS Going to Win the Battle of the Bulge.webm' to './converted/Why The Allies Were ALWAYS Going to Win the Battle of the Bulge.mp4'...
[2025-01-14 22:05:25]  ✅ Successfully converted './original/Why The Allies Were ALWAYS Going to Win the Battle of the Bulge.webm' to './converted/Why The Allies Were ALWAYS Going to Win the Battle of the Bulge.mp4'.
[2025-01-14 22:05:25]  🚚 Moved './Color Theory that Photographers Need to Know..webm' to './original/'
[2025-01-14 22:05:25]  ⚙️  Converting './original/Color Theory that Photographers Need to Know..webm' to './converted/Color Theory that Photographers Need to Know..mp4'...
[2025-01-14 22:15:42]  ✅ Successfully converted './original/Color Theory that Photographers Need to Know..webm' to './converted/Color Theory that Photographers Need to Know..mp4'.
[2025-01-14 22:15:42]  🚚 Moved './Environmental Portraits with the Mamiya 7 at the Track.webm' to './original/'
[2025-01-14 22:15:42]  ⚙️  Converting './original/Environmental Portraits with the Mamiya 7 at the Track.webm' to './converted/Environmental Portraits with the Mamiya 7 at the Track.mp4'...
[2025-01-14 22:23:04]  ✅ Successfully converted './original/Environmental Portraits with the Mamiya 7 at the Track.webm' to './converted/Environmental Portraits with the Mamiya 7 at the Track.mp4'.
[2025-01-14 22:23:04]  🚚 Moved './How THIS Scene Became a Chilling Masterpiece.webm' to './original/'
[2025-01-14 22:23:04]  ⚙️  Converting './original/How THIS Scene Became a Chilling Masterpiece.webm' to './converted/How THIS Scene Became a Chilling Masterpiece.mp4'...
[2025-01-14 22:27:24]  ✅ Successfully converted './original/How THIS Scene Became a Chilling Masterpiece.webm' to './converted/How THIS Scene Became a Chilling Masterpiece.mp4'.
[2025-01-15 11:39:30]  🚚 Moved './Posing Individuals Full Length.mkv' to './original/'
[2025-01-15 11:39:30]  ⚙️  Converting './original/Posing Individuals Full Length.mkv' to './converted/Posing Individuals Full Length.mp4'...
[2025-01-15 11:43:02]  ✅ Successfully converted './original/Posing Individuals Full Length.mkv' to './converted/Posing Individuals Full Length.mp4'.
[2025-01-15 11:43:02]  🚚 Moved './Roberto Valenzuela： Breaking Down the Language of Posing ｜ B&H Bild Expo.mkv' to './original/'
[2025-01-15 11:43:02]  ⚙️  Converting './original/Roberto Valenzuela： Breaking Down the Language of Posing ｜ B&H Bild Expo.mkv' to './converted/Roberto Valenzuela： Breaking Down the Language of Posing ｜ B&H Bild Expo.mp4'...
[2025-01-15 12:07:11]  ✅ Successfully converted './original/Roberto Valenzuela： Breaking Down the Language of Posing ｜ B&H Bild Expo.mkv' to './converted/Roberto Valenzuela： Breaking Down the Language of Posing ｜ B&H Bild Expo.mp4'.
[2025-01-24 11:08:11]  🚚 Moved './Environmental Portraits with the Mamiya 7 at the Track.mp4' to './original/'
[2025-01-24 11:08:11]  ⚙️  Converting './original/Environmental Portraits with the Mamiya 7 at the Track.mp4' to './converted/Environmental Portraits with the Mamiya 7 at the Track.mp4'...
[2025-01-24 11:14:51]  ✅ Successfully converted './original/Environmental Portraits with the Mamiya 7 at the Track.mp4' to './converted/Environmental Portraits with the Mamiya 7 at the Track.mp4'.
[2025-01-24 11:14:51]  🚚 Moved './I didn’t quit Youtube because of this book. (now I have 100K subscribers).webm' to './original/'
[2025-01-24 11:14:51]  ⚙️  Converting './original/I didn’t quit Youtube because of this book. (now I have 100K subscribers).webm' to './converted/I didn’t quit Youtube because of this book. (now I have 100K subscribers).mp4'...
[2025-01-24 11:18:55]  ✅ Successfully converted './original/I didn’t quit Youtube because of this book. (now I have 100K subscribers).webm' to './converted/I didn’t quit Youtube because of this book. (now I have 100K subscribers).mp4'.
[2025-01-24 11:18:55]  🚚 Moved './Colour grading for dramatic portraiture in Affinity Photo with Ivan Weiss.mkv' to './original/'
[2025-01-24 11:18:55]  ⚙️  Converting './original/Colour grading for dramatic portraiture in Affinity Photo with Ivan Weiss.mkv' to './converted/Colour grading for dramatic portraiture in Affinity Photo with Ivan Weiss.mp4'...
[2025-01-24 11:21:46]  ✅ Successfully converted './original/Colour grading for dramatic portraiture in Affinity Photo with Ivan Weiss.mkv' to './converted/Colour grading for dramatic portraiture in Affinity Photo with Ivan Weiss.mp4'.
[2025-02-07 21:35:39]  🚚 Moved './test_mat.webm' to './original/'
[2025-02-07 21:35:39]  ⚙️  Converting './original/test_mat.webm' to './converted/test_mat.mp4'...
[2025-02-07 21:35:53]  🚚 Moved './Spaceman-Dune_2_Is_The_End_of_Modern_Cinema.webm' to './original/'
[2025-02-07 21:35:53]  ⚙️  Converting './original/Spaceman-Dune_2_Is_The_End_of_Modern_Cinema.webm' to './converted/Spaceman-Dune_2_Is_The_End_of_Modern_Cinema.mp4'...

=============================================================================
🔥 Processing File: Gawx_2-1._Melancholy
=============================================================================
[2025-02-09 14:13:47] ℹ️ Moved './Gawx_2-1._Melancholy.webm' to './original/'
[2025-02-09 14:13:47] ℹ️ Converting './original/Gawx_2-1._Melancholy.webm' to './converted/Gawx_2-1._Melancholy.mp4'...
[2025-02-09 14:15:27] ✅ Successfully converted './original/Gawx_2-1._Melancholy.webm' to './converted/Gawx_2-1._Melancholy.mp4'.

=============================================================================
🔥 Processing File: KH.infilm-It_s_The_Little_Things_In_Life_Amsterdam_Short_Film
=============================================================================
[2025-02-09 14:15:27] ℹ️ Moved './KH.infilm-It_s_The_Little_Things_In_Life_Amsterdam_Short_Film.webm' to './original/'
[2025-02-09 14:15:27] ℹ️ Converting './original/KH.infilm-It_s_The_Little_Things_In_Life_Amsterdam_Short_Film.webm' to './converted/KH.infilm-It_s_The_Little_Things_In_Life_Amsterdam_Short_Film.mp4'...
[2025-02-09 14:35:20] ✅ Successfully converted './original/KH.infilm-It_s_The_Little_Things_In_Life_Amsterdam_Short_Film.webm' to './converted/KH.infilm-It_s_The_Little_Things_In_Life_Amsterdam_Short_Film.mp4'.

=============================================================================
🔥 Processing File: Shleepy_Studio-Berlin_is_our_comfort_city
=============================================================================
[2025-02-09 14:35:20] ℹ️ Moved './Shleepy_Studio-Berlin_is_our_comfort_city.webm' to './original/'
[2025-02-09 14:35:20] ℹ️ Converting './original/Shleepy_Studio-Berlin_is_our_comfort_city.webm' to './converted/Shleepy_Studio-Berlin_is_our_comfort_city.mp4'...
[2025-02-09 14:47:59] ✅ Successfully converted './original/Shleepy_Studio-Berlin_is_our_comfort_city.webm' to './converted/Shleepy_Studio-Berlin_is_our_comfort_city.mp4'.

=============================================================================
🔥 Processing File: Gawx-October_November
=============================================================================
[2025-02-09 14:47:59] ℹ️ Moved './Gawx-October_November.webm' to './original/'
[2025-02-09 14:47:59] ℹ️ Converting './original/Gawx-October_November.webm' to './converted/Gawx-October_November.mp4'...
[2025-02-09 14:50:02] ✅ Successfully converted './original/Gawx-October_November.webm' to './converted/Gawx-October_November.mp4'.

=============================================================================
🔥 Processing File: Mat_Marrash-Studio_Lighting_4x5_with_Tariq_Tarey_-_Large_Format_Friday
=============================================================================
[2025-02-09 14:50:02] ℹ️ Moved './Mat_Marrash-Studio_Lighting_4x5_with_Tariq_Tarey_-_Large_Format_Friday.webm' to './original/'
[2025-02-09 14:50:02] ℹ️ Converting './original/Mat_Marrash-Studio_Lighting_4x5_with_Tariq_Tarey_-_Large_Format_Friday.webm' to './converted/Mat_Marrash-Studio_Lighting_4x5_with_Tariq_Tarey_-_Large_Format_Friday.mp4'...
[2025-02-09 15:02:30] ✅ Successfully converted './original/Mat_Marrash-Studio_Lighting_4x5_with_Tariq_Tarey_-_Large_Format_Friday.webm' to './converted/Mat_Marrash-Studio_Lighting_4x5_with_Tariq_Tarey_-_Large_Format_Friday.mp4'.

=============================================================================
🔥 Processing File: The_Funny_Carpenter-Trim_Caulking_Secrets_That_Will_Change_The_Way_You_Caulk
=============================================================================
[2025-02-09 15:02:30] ℹ️ Moved './The_Funny_Carpenter-Trim_Caulking_Secrets_That_Will_Change_The_Way_You_Caulk.webm' to './original/'
[2025-02-09 15:02:30] ℹ️ Converting './original/The_Funny_Carpenter-Trim_Caulking_Secrets_That_Will_Change_The_Way_You_Caulk.webm' to './converted/The_Funny_Carpenter-Trim_Caulking_Secrets_That_Will_Change_The_Way_You_Caulk.mp4'...
[2025-02-09 15:09:27] ✅ Successfully converted './original/The_Funny_Carpenter-Trim_Caulking_Secrets_That_Will_Change_The_Way_You_Caulk.webm' to './converted/The_Funny_Carpenter-Trim_Caulking_Secrets_That_Will_Change_The_Way_You_Caulk.mp4'.

=============================================================================
🔥 Processing File: Data_with_Zach-Dimensional_data_modeling_and_idempotent_pipelines_in_78_minutes_with_DataExpert.io
=============================================================================
[2025-02-09 15:09:27] ℹ️ Moved './Data_with_Zach-Dimensional_data_modeling_and_idempotent_pipelines_in_78_minutes_with_DataExpert.io.webm' to './original/'
[2025-02-09 15:09:27] ℹ️ Converting './original/Data_with_Zach-Dimensional_data_modeling_and_idempotent_pipelines_in_78_minutes_with_DataExpert.io.webm' to './converted/Data_with_Zach-Dimensional_data_modeling_and_idempotent_pipelines_in_78_minutes_with_DataExpert.io.mp4'...
[2025-02-09 15:14:43] ✅ Successfully converted './original/Data_with_Zach-Dimensional_data_modeling_and_idempotent_pipelines_in_78_minutes_with_DataExpert.io.webm' to './converted/Data_with_Zach-Dimensional_data_modeling_and_idempotent_pipelines_in_78_minutes_with_DataExpert.io.mp4'.

=============================================================================
🔥 Processing File: Courtney_Eve_White-After_Thru_-_The_Other_Side_of_Long_Distance_Hiking
=============================================================================
[2025-02-09 15:14:43] ℹ️ Moved './Courtney_Eve_White-After_Thru_-_The_Other_Side_of_Long_Distance_Hiking.webm' to './original/'
[2025-02-09 15:14:43] ℹ️ Converting './original/Courtney_Eve_White-After_Thru_-_The_Other_Side_of_Long_Distance_Hiking.webm' to './converted/Courtney_Eve_White-After_Thru_-_The_Other_Side_of_Long_Distance_Hiking.mp4'...
[2025-02-09 15:32:32] ✅ Successfully converted './original/Courtney_Eve_White-After_Thru_-_The_Other_Side_of_Long_Distance_Hiking.webm' to './converted/Courtney_Eve_White-After_Thru_-_The_Other_Side_of_Long_Distance_Hiking.mp4'.

=============================================================================
🔥 Processing File: David_Hoffman-Flying_in_1979_It_Was_a_New_Experience
=============================================================================
[2025-02-09 15:32:32] ℹ️ Moved './David_Hoffman-Flying_in_1979_It_Was_a_New_Experience.webm' to './original/'
[2025-02-09 15:32:32] ℹ️ Converting './original/David_Hoffman-Flying_in_1979_It_Was_a_New_Experience.webm' to './converted/David_Hoffman-Flying_in_1979_It_Was_a_New_Experience.mp4'...
[2025-02-09 15:33:08] ✅ Successfully converted './original/David_Hoffman-Flying_in_1979_It_Was_a_New_Experience.webm' to './converted/David_Hoffman-Flying_in_1979_It_Was_a_New_Experience.mp4'.

=============================================================================
🔥 Processing File: test_gawx
=============================================================================
[2025-02-09 15:33:08] ℹ️ Moved './test_gawx.webm' to './original/'
[2025-02-09 15:33:08] ℹ️ Converting './original/test_gawx.webm' to './converted/test_gawx.mp4'...
[2025-02-09 15:34:49] ✅ Successfully converted './original/test_gawx.webm' to './converted/test_gawx.mp4'.

=============================================================================
🔥 Processing file 1/       2: Tibees-The_bizarre_blog_that_taught_everyone_math
=============================================================================
[2025-02-23 21:50:50] ℹ️ Moved './Tibees-The_bizarre_blog_that_taught_everyone_math.webm' to './original/'
[2025-02-23 21:50:50] ℹ️ Converting './original/Tibees-The_bizarre_blog_that_taught_everyone_math.webm' to temporary file './converted/Tibees-The_bizarre_blog_that_taught_everyone_math.mp4.tmp'...

=============================================================================
🔥 Processing file 2/       2: EF_Pro_Cycling-The_Great_Southern_Country_Full_Film_Lachlan_Morton_s_Around_Australia_Record_Cannondale_POC
=============================================================================
[2025-02-23 21:50:50] ℹ️ Moved './EF_Pro_Cycling-The_Great_Southern_Country_Full_Film_Lachlan_Morton_s_Around_Australia_Record_Cannondale_POC.webm' to './original/'
[2025-02-23 21:50:50] ℹ️ Converting './original/EF_Pro_Cycling-The_Great_Southern_Country_Full_Film_Lachlan_Morton_s_Around_Australia_Record_Cannondale_POC.webm' to temporary file './converted/EF_Pro_Cycling-The_Great_Southern_Country_Full_Film_Lachlan_Morton_s_Around_Australia_Record_Cannondale_POC.mp4.tmp'...

=============================================================================
🔥 Processing file 1/       2: Tibees-The_bizarre_blog_that_taught_everyone_math
=============================================================================
[2025-02-23 21:58:24] ℹ️ Moved './Tibees-The_bizarre_blog_that_taught_everyone_math.webm' to './original/'
[2025-02-23 21:58:24] ℹ️ Converting './original/Tibees-The_bizarre_blog_that_taught_everyone_math.webm' to temporary file './converted/Tibees-The_bizarre_blog_that_taught_everyone_math.temp.mp4'...
[2025-02-23 22:02:00] ✅ Successfully converted './original/Tibees-The_bizarre_blog_that_taught_everyone_math.webm' to './converted/Tibees-The_bizarre_blog_that_taught_everyone_math.mp4'.

=============================================================================
🔥 Processing file 2/       2: EF_Pro_Cycling-The_Great_Southern_Country_Full_Film_Lachlan_Morton_s_Around_Australia_Record_Cannondale_POC
=============================================================================
[2025-02-23 22:02:00] ℹ️ Moved './EF_Pro_Cycling-The_Great_Southern_Country_Full_Film_Lachlan_Morton_s_Around_Australia_Record_Cannondale_POC.webm' to './original/'
[2025-02-23 22:02:00] ℹ️ Converting './original/EF_Pro_Cycling-The_Great_Southern_Country_Full_Film_Lachlan_Morton_s_Around_Australia_Record_Cannondale_POC.webm' to temporary file './converted/EF_Pro_Cycling-The_Great_Southern_Country_Full_Film_Lachlan_Morton_s_Around_Australia_Record_Cannondale_POC.temp.mp4'...
[2025-02-23 23:23:38] ✅ Successfully converted './original/EF_Pro_Cycling-The_Great_Southern_Country_Full_Film_Lachlan_Morton_s_Around_Australia_Record_Cannondale_POC.webm' to './converted/EF_Pro_Cycling-The_Great_Southern_Country_Full_Film_Lachlan_Morton_s_Around_Australia_Record_Cannondale_POC.mp4'.

=============================================================================
🔥 Processing file 1/       1: BibleProject-This_Lie_Can_Keep_You_From_Living_Generously
=============================================================================
[2025-02-24 14:42:33] ℹ️ Moved './BibleProject-This_Lie_Can_Keep_You_From_Living_Generously.webm' to './original/'
[2025-02-24 14:42:33] ℹ️ Converting './original/BibleProject-This_Lie_Can_Keep_You_From_Living_Generously.webm' to temporary file './converted/BibleProject-This_Lie_Can_Keep_You_From_Living_Generously.temp.mp4'...
[2025-02-24 14:43:39] ✅ Successfully converted './original/BibleProject-This_Lie_Can_Keep_You_From_Living_Generously.webm' to './converted/BibleProject-This_Lie_Can_Keep_You_From_Living_Generously.mp4'.

=============================================================================
🔥 Processing file 1/1: B_H_Photo_Video_Pro_Audio-Roberto_Valenzuela_-_Breaking_Down_the_Language_of_Posing_B_H_Bild_Expo
=============================================================================
[2025-02-24 15:00:45] ℹ️ Moved './B_H_Photo_Video_Pro_Audio-Roberto_Valenzuela_-_Breaking_Down_the_Language_of_Posing_B_H_Bild_Expo.mkv' to './original/'
[2025-02-24 15:00:45] ℹ️ Converting './original/B_H_Photo_Video_Pro_Audio-Roberto_Valenzuela_-_Breaking_Down_the_Language_of_Posing_B_H_Bild_Expo.mkv' to temporary file './converted/B_H_Photo_Video_Pro_Audio-Roberto_Valenzuela_-_Breaking_Down_the_Language_of_Posing_B_H_Bild_Expo.temp.mp4'...
[2025-02-24 15:23:01] ✅ Successfully converted './original/B_H_Photo_Video_Pro_Audio-Roberto_Valenzuela_-_Breaking_Down_the_Language_of_Posing_B_H_Bild_Expo.mkv' to './converted/B_H_Photo_Video_Pro_Audio-Roberto_Valenzuela_-_Breaking_Down_the_Language_of_Posing_B_H_Bild_Expo.mp4'.

=============================================================================
🔥 Processing file 1/1: Gawx_2-Red
=============================================================================
[2025-02-24 21:19:01] ℹ️ Moved './Gawx_2-Red.webm' to './original/'
[2025-02-24 21:19:01] ℹ️ Converting './original/Gawx_2-Red.webm' to temporary file './converted/Gawx_2-Red.temp.mp4'...
[2025-02-24 21:20:37] ✅ Successfully converted './original/Gawx_2-Red.webm' to './converted/Gawx_2-Red.mp4'.

=============================================================================
🔥  Processing file 1/1: Gawx_2-New_York_Interlude
=============================================================================
[2025-02-24 21:24:03] ℹ️ Moved './Gawx_2-New_York_Interlude.webm' to './original/'
[2025-02-24 21:24:03] ℹ️ Converting './original/Gawx_2-New_York_Interlude.webm' to temporary file './converted/Gawx_2-New_York_Interlude.temp.mp4'...

=============================================================================
🔥  Processing file 1/1: Gawx_2-New_York_Interlude
=============================================================================
[2025-02-24 21:29:12] ℹ️  Moved './Gawx_2-New_York_Interlude.webm' to './original/'
[2025-02-24 21:29:12] ℹ️  Converting './original/Gawx_2-New_York_Interlude.webm' to temporary file './converted/Gawx_2-New_York_Interlude.temp.mp4'...

=============================================================================
🔥  Processing file 1/1: Gawx_2-New_York_Interlude
=============================================================================
[2025-02-24 21:36:37] ℹ️  Moved './Gawx_2-New_York_Interlude.webm' to './original/'
[2025-02-24 21:36:37] ℹ️ Converting './original/Gawx_2-New_York_Interlude.webm' to temporary file './converted/Gawx_2-New_York_Interlude.temp.mp4'...

=============================================================================
🔥  Processing file 1/1: Gawx_2-New_York_Interlude
=============================================================================
[2025-02-24 21:38:17] ℹ️  Moved './Gawx_2-New_York_Interlude.webm' to './original/'
[2025-02-24 21:38:17] ℹ️ Converting './original/Gawx_2-New_York_Interlude.webm' to temporary file './converted/Gawx_2-New_York_Interlude.temp.mp4'...
[2025-02-24 21:39:55] ✅ Successfully converted './original/Gawx_2-New_York_Interlude.webm' to './converted/Gawx_2-New_York_Interlude.mp4'.

=============================================================================
🔥  Processing file 1/2: Marlon_Hammes-Kodak_Ultramax_400_-_Winter_Photography
=============================================================================
[2025-03-03 16:06:55] ℹ️  Moved './Marlon_Hammes-Kodak_Ultramax_400_-_Winter_Photography.webm' to './original/'
[2025-03-03 16:06:55] ℹ️  Converting './original/Marlon_Hammes-Kodak_Ultramax_400_-_Winter_Photography.webm' to temporary file './converted/Marlon_Hammes-Kodak_Ultramax_400_-_Winter_Photography.temp.mp4'...
[2025-03-03 16:12:00] ✅  Successfully converted './original/Marlon_Hammes-Kodak_Ultramax_400_-_Winter_Photography.webm' to './converted/Marlon_Hammes-Kodak_Ultramax_400_-_Winter_Photography.mp4'.

=============================================================================
🔥  Processing file 1/9: Marlon_Hammes-Film_Photography_Trip_-_Lake_Caumasee_Flims_Switzerland
=============================================================================
[2025-03-05 11:22:38] ℹ️  Moved './Marlon_Hammes-Film_Photography_Trip_-_Lake_Caumasee_Flims_Switzerland.webm' to './original/'
[2025-03-05 11:22:38] ℹ️  Converting './original/Marlon_Hammes-Film_Photography_Trip_-_Lake_Caumasee_Flims_Switzerland.webm' to temporary file './converted/Marlon_Hammes-Film_Photography_Trip_-_Lake_Caumasee_Flims_Switzerland.temp.mp4'...
[2025-03-05 11:37:31] ✅  Successfully converted './original/Marlon_Hammes-Film_Photography_Trip_-_Lake_Caumasee_Flims_Switzerland.webm' to './converted/Marlon_Hammes-Film_Photography_Trip_-_Lake_Caumasee_Flims_Switzerland.mp4'.

=============================================================================
🔥  Processing file 1/9: Lighting_Mentor-A_New_Way_to_Think_About_Beauty_in_Art
=============================================================================
[2025-03-05 11:41:06] ℹ️  Moved './Lighting_Mentor-A_New_Way_to_Think_About_Beauty_in_Art.webm' to './original/'
[2025-03-05 11:41:06] ℹ️  Converting './original/Lighting_Mentor-A_New_Way_to_Think_About_Beauty_in_Art.webm' to temporary file './converted/Lighting_Mentor-A_New_Way_to_Think_About_Beauty_in_Art.temp.mp4'...
[2025-03-05 11:53:24] ✅  Successfully converted './original/Lighting_Mentor-A_New_Way_to_Think_About_Beauty_in_Art.webm' to './converted/Lighting_Mentor-A_New_Way_to_Think_About_Beauty_in_Art.mp4'.

=============================================================================
🔥  Processing file 1/8: Willem_Verbeeck-How_Sinna_Nasseri_Turns_Mistakes_into_Iconic_Photos
=============================================================================
[2025-03-05 12:07:02] ℹ️  Moved './Willem_Verbeeck-How_Sinna_Nasseri_Turns_Mistakes_into_Iconic_Photos.webm' to './original/'
[2025-03-05 12:07:02] ℹ️  Converting './original/Willem_Verbeeck-How_Sinna_Nasseri_Turns_Mistakes_into_Iconic_Photos.webm' to temporary file './converted/Willem_Verbeeck-How_Sinna_Nasseri_Turns_Mistakes_into_Iconic_Photos.temp.mp4'...
[2025-03-05 12:19:01] ✅  Successfully converted './original/Willem_Verbeeck-How_Sinna_Nasseri_Turns_Mistakes_into_Iconic_Photos.webm' to './converted/Willem_Verbeeck-How_Sinna_Nasseri_Turns_Mistakes_into_Iconic_Photos.mp4'.

=============================================================================
🔥  Processing file 1/7: Mitch_Lally-I_Shot_100_000_Portraits_-_Here_s_What_I_Learned...
=============================================================================
[2025-03-05 12:29:32] ℹ️  Moved './Mitch_Lally-I_Shot_100_000_Portraits_-_Here_s_What_I_Learned....webm' to './original/'
[2025-03-05 12:29:32] ℹ️  Converting './original/Mitch_Lally-I_Shot_100_000_Portraits_-_Here_s_What_I_Learned....webm' to temporary file './converted/Mitch_Lally-I_Shot_100_000_Portraits_-_Here_s_What_I_Learned....temp.mp4'...
[2025-03-05 12:33:24] ✅  Successfully converted './original/Mitch_Lally-I_Shot_100_000_Portraits_-_Here_s_What_I_Learned....webm' to './converted/Mitch_Lally-I_Shot_100_000_Portraits_-_Here_s_What_I_Learned....mp4'.

=============================================================================
🔥  Processing file 1/6: Developing_Tank-WWII_Conflicts_DEATH_-_The_Story_of_the_World_s_Greatest_War_Photographer
=============================================================================
[2025-03-05 12:37:57] ℹ️  Moved './Developing_Tank-WWII_Conflicts_DEATH_-_The_Story_of_the_World_s_Greatest_War_Photographer.webm' to './original/'
[2025-03-05 12:37:57] ℹ️  Converting './original/Developing_Tank-WWII_Conflicts_DEATH_-_The_Story_of_the_World_s_Greatest_War_Photographer.webm' to temporary file './converted/Developing_Tank-WWII_Conflicts_DEATH_-_The_Story_of_the_World_s_Greatest_War_Photographer.temp.mp4'...
[2025-03-05 12:47:12] ✅  Successfully converted './original/Developing_Tank-WWII_Conflicts_DEATH_-_The_Story_of_the_World_s_Greatest_War_Photographer.webm' to './converted/Developing_Tank-WWII_Conflicts_DEATH_-_The_Story_of_the_World_s_Greatest_War_Photographer.mp4'.

=============================================================================
🔥  Processing file 1/5: KK_Faerber-A_Photographer_s_Portrait_Ep_2_Ivan_Weiss
=============================================================================
[2025-03-05 12:51:46] ℹ️  Moved './KK_Faerber-A_Photographer_s_Portrait_Ep_2_Ivan_Weiss.webm' to './original/'
[2025-03-05 12:51:46] ℹ️  Converting './original/KK_Faerber-A_Photographer_s_Portrait_Ep_2_Ivan_Weiss.webm' to temporary file './converted/KK_Faerber-A_Photographer_s_Portrait_Ep_2_Ivan_Weiss.temp.mp4'...
[2025-03-05 13:00:16] ✅  Successfully converted './original/KK_Faerber-A_Photographer_s_Portrait_Ep_2_Ivan_Weiss.webm' to './converted/KK_Faerber-A_Photographer_s_Portrait_Ep_2_Ivan_Weiss.mp4'.

=============================================================================
🔥  Processing file 1/4: Mitch_Lally-How_Elite_Photographers_Compose_Their_Images
=============================================================================
[2025-03-05 13:56:28] ℹ️  Moved './Mitch_Lally-How_Elite_Photographers_Compose_Their_Images.webm' to './original/'
[2025-03-05 13:56:28] ℹ️  Converting './original/Mitch_Lally-How_Elite_Photographers_Compose_Their_Images.webm' to temporary file './converted/Mitch_Lally-How_Elite_Photographers_Compose_Their_Images.temp.mp4'...
